<?xml version="1.0" encoding="UTF-8"?>
<!-- Generated by org.testng.reporters.JUnitReportReporter -->
<testsuite hostname="KIT966" name="com.kony.ktas.suites.WelcomeScreenSuite" tests="1" failures="0" timestamp="28 Sep 2018 12:03:16 GMT" time="27.870" errors="0">
  <testcase name="VerifyWelcomePage" time="27.870" classname="com.kony.ktas.suites.WelcomeScreenSuite"/>
</testsuite> <!-- com.kony.ktas.suites.WelcomeScreenSuite -->
